<?xml version="1.0" encoding="UTF-8"?>
<!-- Generated by org.testng.reporters.JUnitReportReporter -->
<testsuite hostname="L005108" name="com.pk.demo.Quickstart.AppTest" tests="1" failures="0" timestamp="28 Dec 2017 04:45:31 GMT" time="55.686" errors="0">
  <testcase name="AppTest2" time="55.686" classname="com.pk.demo.Quickstart.AppTest"/>
</testsuite> <!-- com.pk.demo.Quickstart.AppTest -->
