<?xml version="1.0" encoding="UTF-8"?>
<!-- Generated by org.testng.reporters.JUnitReportReporter -->
<testsuite hostname="L005108" name="com.pk.demo.Quickstart.AppTest2" tests="1" failures="0" timestamp="10 Jan 2018 14:12:53 GMT" time="9.826" errors="0">
  <testcase name="AppTest212" time="9.826" classname="com.pk.demo.Quickstart.AppTest2"/>
</testsuite> <!-- com.pk.demo.Quickstart.AppTest2 -->
